Library/Bee/Android/Prj/Mono2x/Gradle/unityLibrary/build/intermediates/manifest_merge_blame_file/release/manifest-merger-blame-release-report.txt
1<?xml version="1.0" encoding="utf-8"?>
2<manifest xmlns:android="http://schemas.android.com/apk/res/android"
3    xmlns:tools="http://schemas.android.com/tools"
4    package="com.unity3d.player"
5    android:versionCode="1"
6    android:versionName="0.1" >
7
8    <uses-sdk
9        android:minSdkVersion="22"
9-->src\main\AndroidManifest.xml
10        android:targetSdkVersion="31" />
10-->src\main\AndroidManifest.xml
11
12    <uses-feature android:glEsVersion="0x00030000" />
12-->src\main\AndroidManifest.xml:16:3-52
12-->src\main\AndroidManifest.xml:16:17-49
13    <uses-feature
13-->src\main\AndroidManifest.xml:17:3-91
14        android:name="android.hardware.vulkan.version"
14-->src\main\AndroidManifest.xml:17:17-63
15        android:required="false" />
15-->src\main\AndroidManifest.xml:17:64-88
16
17    <uses-permission android:name="android.permission.INTERNET" />
17-->src\main\AndroidManifest.xml:18:3-65
17-->src\main\AndroidManifest.xml:18:20-62
18    <uses-permission android:name="android.permission.ACCESS_NETWORK_STATE" />
18-->src\main\AndroidManifest.xml:19:3-77
18-->src\main\AndroidManifest.xml:19:20-74
19
20    <uses-feature
20-->src\main\AndroidManifest.xml:20:3-88
21        android:name="android.hardware.touchscreen"
21-->src\main\AndroidManifest.xml:20:17-60
22        android:required="false" />
22-->src\main\AndroidManifest.xml:20:61-85
23    <uses-feature
23-->src\main\AndroidManifest.xml:21:3-99
24        android:name="android.hardware.touchscreen.multitouch"
24-->src\main\AndroidManifest.xml:21:17-71
25        android:required="false" />
25-->src\main\AndroidManifest.xml:21:72-96
26    <uses-feature
26-->src\main\AndroidManifest.xml:22:3-108
27        android:name="android.hardware.touchscreen.multitouch.distinct"
27-->src\main\AndroidManifest.xml:22:17-80
28        android:required="false" />
28-->src\main\AndroidManifest.xml:22:81-105
29
30    <application android:extractNativeLibs="true" >
30-->src\main\AndroidManifest.xml:3:3-15:17
30-->src\main\AndroidManifest.xml:3:16-48
31        <activity
31-->src\main\AndroidManifest.xml:4:5-10:16
32            android:name="com.unity3d.player.UnityPlayerActivity"
32-->src\main\AndroidManifest.xml:4:15-68
33            android:configChanges="mcc|mnc|locale|touchscreen|keyboard|keyboardHidden|navigation|orientation|screenLayout|uiMode|screenSize|smallestScreenSize|fontScale|layoutDirection|density"
33-->src\main\AndroidManifest.xml:4:186-367
34            android:exported="true"
34-->src\main\AndroidManifest.xml:4:439-462
35            android:hardwareAccelerated="false"
35-->src\main\AndroidManifest.xml:4:403-438
36            android:launchMode="singleTask"
36-->src\main\AndroidManifest.xml:4:154-185
37            android:resizeableActivity="false"
37-->src\main\AndroidManifest.xml:4:368-402
38            android:screenOrientation="sensorPortrait"
38-->src\main\AndroidManifest.xml:4:111-153
39            android:theme="@style/UnityThemeSelector" >
39-->src\main\AndroidManifest.xml:4:69-110
40            <intent-filter>
40-->src\main\AndroidManifest.xml:5:7-8:23
41                <action android:name="android.intent.action.MAIN" />
41-->src\main\AndroidManifest.xml:6:9-61
41-->src\main\AndroidManifest.xml:6:17-58
42
43                <category android:name="android.intent.category.LAUNCHER" />
43-->src\main\AndroidManifest.xml:7:9-69
43-->src\main\AndroidManifest.xml:7:19-66
44            </intent-filter>
45
46            <meta-data
46-->src\main\AndroidManifest.xml:9:7-82
47                android:name="unityplayer.UnityActivity"
47-->src\main\AndroidManifest.xml:9:18-58
48                android:value="true" />
48-->src\main\AndroidManifest.xml:9:59-79
49        </activity>
50
51        <meta-data
51-->src\main\AndroidManifest.xml:11:5-69
52            android:name="unity.splash-mode"
52-->src\main\AndroidManifest.xml:11:16-48
53            android:value="0" />
53-->src\main\AndroidManifest.xml:11:49-66
54        <meta-data
54-->src\main\AndroidManifest.xml:12:5-74
55            android:name="unity.splash-enable"
55-->src\main\AndroidManifest.xml:12:16-50
56            android:value="True" />
56-->src\main\AndroidManifest.xml:12:51-71
57        <meta-data
57-->src\main\AndroidManifest.xml:13:5-78
58            android:name="unity.launch-fullscreen"
58-->src\main\AndroidManifest.xml:13:16-54
59            android:value="True" />
59-->src\main\AndroidManifest.xml:13:55-75
60        <meta-data
60-->src\main\AndroidManifest.xml:14:5-84
61            android:name="unity.allow-resizable-window"
61-->src\main\AndroidManifest.xml:14:16-59
62            android:value="False" />
62-->src\main\AndroidManifest.xml:14:60-81
63    </application>
64
65</manifest>